{"H:\\learn\\N-blog\\index.js":{"path":"H:\\learn\\N-blog\\index.js","s":{"1":1,"2":1,"3":1,"4":1,"5":1,"6":1,"7":1,"8":1,"9":1,"10":1,"11":1,"12":1,"13":1,"14":1,"15":1,"16":1,"17":1,"18":1,"19":1,"20":0,"21":0,"22":0,"23":0,"24":1,"25":1,"26":1,"27":1,"28":0,"29":0,"30":0,"31":1,"32":1,"33":0,"34":0},"b":{"1":[1,0]},"f":{"1":0,"2":0},"fnMap":{"1":{"name":"(anonymous_1)","line":51,"loc":{"start":{"line":51,"column":8},"end":{"line":51,"column":34}}},"2":{"name":"(anonymous_2)","line":97,"loc":{"start":{"line":97,"column":28},"end":{"line":97,"column":40}}}},"statementMap":{"1":{"start":{"line":5,"column":0},"end":{"line":5,"column":29}},"2":{"start":{"line":6,"column":0},"end":{"line":6,"column":35}},"3":{"start":{"line":7,"column":0},"end":{"line":7,"column":43}},"4":{"start":{"line":8,"column":0},"end":{"line":8,"column":53}},"5":{"start":{"line":9,"column":0},"end":{"line":9,"column":39}},"6":{"start":{"line":10,"column":0},"end":{"line":10,"column":49}},"7":{"start":{"line":11,"column":0},"end":{"line":11,"column":35}},"8":{"start":{"line":12,"column":0},"end":{"line":12,"column":50}},"9":{"start":{"line":14,"column":0},"end":{"line":14,"column":35}},"10":{"start":{"line":15,"column":0},"end":{"line":15,"column":33}},"11":{"start":{"line":18,"column":0},"end":{"line":18,"column":22}},"12":{"start":{"line":20,"column":0},"end":{"line":20,"column":48}},"13":{"start":{"line":21,"column":0},"end":{"line":21,"column":30}},"14":{"start":{"line":23,"column":0},"end":{"line":23,"column":56}},"15":{"start":{"line":25,"column":0},"end":{"line":36,"column":4}},"16":{"start":{"line":39,"column":0},"end":{"line":39,"column":17}},"17":{"start":{"line":41,"column":0},"end":{"line":44,"column":4}},"18":{"start":{"line":46,"column":0},"end":{"line":49,"column":2}},"19":{"start":{"line":51,"column":0},"end":{"line":56,"column":3}},"20":{"start":{"line":52,"column":4},"end":{"line":52,"column":39}},"21":{"start":{"line":53,"column":4},"end":{"line":53,"column":57}},"22":{"start":{"line":54,"column":4},"end":{"line":54,"column":53}},"23":{"start":{"line":55,"column":4},"end":{"line":55,"column":11}},"24":{"start":{"line":60,"column":0},"end":{"line":70,"column":4}},"25":{"start":{"line":71,"column":0},"end":{"line":71,"column":12}},"26":{"start":{"line":73,"column":0},"end":{"line":83,"column":4}},"27":{"start":{"line":85,"column":0},"end":{"line":89,"column":3}},"28":{"start":{"line":86,"column":4},"end":{"line":86,"column":21}},"29":{"start":{"line":87,"column":4},"end":{"line":87,"column":36}},"30":{"start":{"line":88,"column":4},"end":{"line":88,"column":24}},"31":{"start":{"line":92,"column":0},"end":{"line":100,"column":1}},"32":{"start":{"line":94,"column":4},"end":{"line":94,"column":24}},"33":{"start":{"line":97,"column":4},"end":{"line":99,"column":7}},"34":{"start":{"line":98,"column":8},"end":{"line":98,"column":67}}},"branchMap":{"1":{"line":92,"type":"if","locations":[{"start":{"line":92,"column":0},"end":{"line":92,"column":0}},{"start":{"line":92,"column":0},"end":{"line":92,"column":0}}]}}},"H:\\learn\\N-blog\\config\\default.js":{"path":"H:\\learn\\N-blog\\config\\default.js","s":{"1":1},"b":{},"f":{},"fnMap":{},"statementMap":{"1":{"start":{"line":5,"column":0},"end":{"line":13,"column":2}}},"branchMap":{}},"H:\\learn\\N-blog\\routes\\index.js":{"path":"H:\\learn\\N-blog\\routes\\index.js","s":{"1":1,"2":1,"3":0,"4":1,"5":1,"6":1,"7":1,"8":1,"9":1,"10":0,"11":0},"b":{"1":[0,0]},"f":{"1":1,"2":0,"3":0},"fnMap":{"1":{"name":"(anonymous_1)","line":5,"loc":{"start":{"line":5,"column":17},"end":{"line":5,"column":32}}},"2":{"name":"(anonymous_2)","line":6,"loc":{"start":{"line":6,"column":17},"end":{"line":6,"column":37}}},"3":{"name":"(anonymous_3)","line":16,"loc":{"start":{"line":16,"column":12},"end":{"line":16,"column":32}}}},"statementMap":{"1":{"start":{"line":5,"column":0},"end":{"line":21,"column":2}},"2":{"start":{"line":6,"column":4},"end":{"line":8,"column":7}},"3":{"start":{"line":7,"column":8},"end":{"line":7,"column":30}},"4":{"start":{"line":10,"column":4},"end":{"line":10,"column":44}},"5":{"start":{"line":11,"column":4},"end":{"line":11,"column":44}},"6":{"start":{"line":12,"column":4},"end":{"line":12,"column":46}},"7":{"start":{"line":13,"column":4},"end":{"line":13,"column":42}},"8":{"start":{"line":14,"column":4},"end":{"line":14,"column":48}},"9":{"start":{"line":16,"column":4},"end":{"line":20,"column":6}},"10":{"start":{"line":17,"column":8},"end":{"line":19,"column":9}},"11":{"start":{"line":18,"column":12},"end":{"line":18,"column":39}}},"branchMap":{"1":{"line":17,"type":"if","locations":[{"start":{"line":17,"column":8},"end":{"line":17,"column":8}},{"start":{"line":17,"column":8},"end":{"line":17,"column":8}}]}}},"H:\\learn\\N-blog\\routes\\signup.js":{"path":"H:\\learn\\N-blog\\routes\\signup.js","s":{"1":1,"2":1,"3":1,"4":1,"5":1,"6":1,"7":1,"8":1,"9":0,"10":1,"11":0,"12":0,"13":0,"14":0,"15":0,"16":0,"17":0,"18":0,"19":0,"20":0,"21":0,"22":0,"23":0,"24":0,"25":0,"26":0,"27":0,"28":0,"29":0,"30":0,"31":0,"32":0,"33":0,"34":0,"35":0,"36":0,"37":0,"38":0,"39":0,"40":0,"41":0,"42":0,"43":0,"44":0,"45":0,"46":1},"b":{"1":[0,0],"2":[0,0],"3":[0,0],"4":[0,0],"5":[0,0],"6":[0,0],"7":[0,0],"8":[0,0],"9":[0,0]},"f":{"1":0,"2":0},"fnMap":{"1":{"name":"(anonymous_1)","line":15,"loc":{"start":{"line":15,"column":16},"end":{"line":15,"column":42}}},"2":{"name":"(anonymous_2)","line":20,"loc":{"start":{"line":20,"column":32},"end":{"line":20,"column":58}}}},"statementMap":{"1":{"start":{"line":5,"column":0},"end":{"line":5,"column":25}},"2":{"start":{"line":6,"column":0},"end":{"line":6,"column":29}},"3":{"start":{"line":7,"column":0},"end":{"line":7,"column":29}},"4":{"start":{"line":8,"column":0},"end":{"line":8,"column":35}},"5":{"start":{"line":9,"column":0},"end":{"line":9,"column":32}},"6":{"start":{"line":11,"column":0},"end":{"line":11,"column":45}},"7":{"start":{"line":12,"column":0},"end":{"line":12,"column":67}},"8":{"start":{"line":15,"column":0},"end":{"line":17,"column":3}},"9":{"start":{"line":16,"column":4},"end":{"line":16,"column":24}},"10":{"start":{"line":20,"column":0},"end":{"line":82,"column":3}},"11":{"start":{"line":21,"column":4},"end":{"line":21,"column":33}},"12":{"start":{"line":22,"column":4},"end":{"line":22,"column":37}},"13":{"start":{"line":23,"column":4},"end":{"line":23,"column":63}},"14":{"start":{"line":24,"column":4},"end":{"line":24,"column":31}},"15":{"start":{"line":25,"column":4},"end":{"line":25,"column":45}},"16":{"start":{"line":26,"column":4},"end":{"line":26,"column":39}},"17":{"start":{"line":29,"column":4},"end":{"line":53,"column":5}},"18":{"start":{"line":30,"column":8},"end":{"line":32,"column":9}},"19":{"start":{"line":31,"column":12},"end":{"line":31,"column":46}},"20":{"start":{"line":33,"column":8},"end":{"line":35,"column":9}},"21":{"start":{"line":34,"column":12},"end":{"line":34,"column":44}},"22":{"start":{"line":36,"column":8},"end":{"line":38,"column":9}},"23":{"start":{"line":37,"column":12},"end":{"line":37,"column":48}},"24":{"start":{"line":39,"column":8},"end":{"line":41,"column":9}},"25":{"start":{"line":40,"column":12},"end":{"line":40,"column":35}},"26":{"start":{"line":42,"column":8},"end":{"line":44,"column":9}},"27":{"start":{"line":43,"column":12},"end":{"line":43,"column":41}},"28":{"start":{"line":45,"column":8},"end":{"line":47,"column":9}},"29":{"start":{"line":46,"column":12},"end":{"line":46,"column":40}},"30":{"start":{"line":50,"column":8},"end":{"line":50,"column":41}},"31":{"start":{"line":51,"column":8},"end":{"line":51,"column":38}},"32":{"start":{"line":52,"column":8},"end":{"line":52,"column":38}},"33":{"start":{"line":55,"column":4},"end":{"line":55,"column":30}},"34":{"start":{"line":57,"column":4},"end":{"line":63,"column":6}},"35":{"start":{"line":65,"column":4},"end":{"line":81,"column":10}},"36":{"start":{"line":67,"column":12},"end":{"line":67,"column":58}},"37":{"start":{"line":68,"column":12},"end":{"line":68,"column":36}},"38":{"start":{"line":70,"column":12},"end":{"line":70,"column":36}},"39":{"start":{"line":71,"column":12},"end":{"line":71,"column":41}},"40":{"start":{"line":72,"column":12},"end":{"line":72,"column":34}},"41":{"start":{"line":75,"column":12},"end":{"line":75,"column":45}},"42":{"start":{"line":76,"column":12},"end":{"line":79,"column":13}},"43":{"start":{"line":77,"column":16},"end":{"line":77,"column":46}},"44":{"start":{"line":78,"column":16},"end":{"line":78,"column":46}},"45":{"start":{"line":80,"column":12},"end":{"line":80,"column":19}},"46":{"start":{"line":84,"column":0},"end":{"line":84,"column":24}}},"branchMap":{"1":{"line":30,"type":"if","locations":[{"start":{"line":30,"column":8},"end":{"line":30,"column":8}},{"start":{"line":30,"column":8},"end":{"line":30,"column":8}}]},"2":{"line":30,"type":"binary-expr","locations":[{"start":{"line":30,"column":14},"end":{"line":30,"column":30}},{"start":{"line":30,"column":34},"end":{"line":30,"column":51}}]},"3":{"line":33,"type":"if","locations":[{"start":{"line":33,"column":8},"end":{"line":33,"column":8}},{"start":{"line":33,"column":8},"end":{"line":33,"column":8}}]},"4":{"line":36,"type":"if","locations":[{"start":{"line":36,"column":8},"end":{"line":36,"column":8}},{"start":{"line":36,"column":8},"end":{"line":36,"column":8}}]},"5":{"line":36,"type":"binary-expr","locations":[{"start":{"line":36,"column":14},"end":{"line":36,"column":29}},{"start":{"line":36,"column":33},"end":{"line":36,"column":49}}]},"6":{"line":39,"type":"if","locations":[{"start":{"line":39,"column":8},"end":{"line":39,"column":8}},{"start":{"line":39,"column":8},"end":{"line":39,"column":8}}]},"7":{"line":42,"type":"if","locations":[{"start":{"line":42,"column":8},"end":{"line":42,"column":8}},{"start":{"line":42,"column":8},"end":{"line":42,"column":8}}]},"8":{"line":45,"type":"if","locations":[{"start":{"line":45,"column":8},"end":{"line":45,"column":8}},{"start":{"line":45,"column":8},"end":{"line":45,"column":8}}]},"9":{"line":76,"type":"if","locations":[{"start":{"line":76,"column":12},"end":{"line":76,"column":12}},{"start":{"line":76,"column":12},"end":{"line":76,"column":12}}]}}},"H:\\learn\\N-blog\\models\\users.js":{"path":"H:\\learn\\N-blog\\models\\users.js","s":{"1":1,"2":1,"3":0,"4":0},"b":{},"f":{"1":0,"2":0},"fnMap":{"1":{"name":"(anonymous_1)","line":8,"loc":{"start":{"line":8,"column":9},"end":{"line":8,"column":16}}},"2":{"name":"(anonymous_2)","line":11,"loc":{"start":{"line":11,"column":17},"end":{"line":11,"column":24}}}},"statementMap":{"1":{"start":{"line":5,"column":0},"end":{"line":5,"column":42}},"2":{"start":{"line":7,"column":0},"end":{"line":14,"column":2}},"3":{"start":{"line":9,"column":7},"end":{"line":9,"column":32}},"4":{"start":{"line":12,"column":7},"end":{"line":12,"column":40}}},"branchMap":{}},"H:\\learn\\N-blog\\lib\\mongo.js":{"path":"H:\\learn\\N-blog\\lib\\mongo.js","s":{"1":1,"2":1,"3":1,"4":1,"5":1,"6":1,"7":1,"8":1,"9":1,"10":1,"11":1,"12":1,"13":1},"b":{},"f":{"1":1},"fnMap":{"1":{"name":"(anonymous_1)","line":13,"loc":{"start":{"line":13,"column":16},"end":{"line":13,"column":28}}}},"statementMap":{"1":{"start":{"line":5,"column":0},"end":{"line":5,"column":37}},"2":{"start":{"line":6,"column":0},"end":{"line":6,"column":49}},"3":{"start":{"line":8,"column":0},"end":{"line":8,"column":58}},"4":{"start":{"line":10,"column":0},"end":{"line":10,"column":31}},"5":{"start":{"line":12,"column":0},"end":{"line":12,"column":65}},"6":{"start":{"line":13,"column":0},"end":{"line":15,"column":3}},"7":{"start":{"line":14,"column":4},"end":{"line":14,"column":30}},"8":{"start":{"line":18,"column":0},"end":{"line":24,"column":3}},"9":{"start":{"line":25,"column":0},"end":{"line":25,"column":56}},"10":{"start":{"line":28,"column":0},"end":{"line":34,"column":3}},"11":{"start":{"line":35,"column":0},"end":{"line":35,"column":56}},"12":{"start":{"line":38,"column":0},"end":{"line":42,"column":3}},"13":{"start":{"line":43,"column":0},"end":{"line":43,"column":54}}},"branchMap":{}},"H:\\learn\\N-blog\\middleware\\check.js":{"path":"H:\\learn\\N-blog\\middleware\\check.js","s":{"1":1,"2":0,"3":0,"4":0,"5":0,"6":0,"7":0,"8":0,"9":0},"b":{"1":[0,0],"2":[0,0]},"f":{"1":0,"2":0},"fnMap":{"1":{"name":"(anonymous_1)","line":6,"loc":{"start":{"line":6,"column":16},"end":{"line":6,"column":33}}},"2":{"name":"(anonymous_2)","line":13,"loc":{"start":{"line":13,"column":17},"end":{"line":13,"column":34}}}},"statementMap":{"1":{"start":{"line":5,"column":0},"end":{"line":20,"column":2}},"2":{"start":{"line":7,"column":8},"end":{"line":10,"column":9}},"3":{"start":{"line":8,"column":12},"end":{"line":8,"column":38}},"4":{"start":{"line":9,"column":12},"end":{"line":9,"column":42}},"5":{"start":{"line":11,"column":8},"end":{"line":11,"column":14}},"6":{"start":{"line":14,"column":8},"end":{"line":17,"column":9}},"7":{"start":{"line":15,"column":12},"end":{"line":15,"column":38}},"8":{"start":{"line":16,"column":12},"end":{"line":16,"column":39}},"9":{"start":{"line":18,"column":8},"end":{"line":18,"column":14}}},"branchMap":{"1":{"line":7,"type":"if","locations":[{"start":{"line":7,"column":8},"end":{"line":7,"column":8}},{"start":{"line":7,"column":8},"end":{"line":7,"column":8}}]},"2":{"line":14,"type":"if","locations":[{"start":{"line":14,"column":8},"end":{"line":14,"column":8}},{"start":{"line":14,"column":8},"end":{"line":14,"column":8}}]}}},"H:\\learn\\N-blog\\routes\\signin.js":{"path":"H:\\learn\\N-blog\\routes\\signin.js","s":{"1":1,"2":1,"3":1,"4":1,"5":1,"6":1,"7":0,"8":1,"9":0,"10":0,"11":0,"12":0,"13":0,"14":0,"15":0,"16":0,"17":0,"18":0,"19":0,"20":0,"21":0,"22":0,"23":0,"24":0,"25":0,"26":0,"27":0,"28":0,"29":1},"b":{"1":[0,0],"2":[0,0],"3":[0,0],"4":[0,0]},"f":{"1":0,"2":0},"fnMap":{"1":{"name":"(anonymous_1)","line":14,"loc":{"start":{"line":14,"column":31},"end":{"line":14,"column":57}}},"2":{"name":"(anonymous_2)","line":19,"loc":{"start":{"line":19,"column":32},"end":{"line":19,"column":58}}}},"statementMap":{"1":{"start":{"line":5,"column":0},"end":{"line":5,"column":29}},"2":{"start":{"line":6,"column":0},"end":{"line":6,"column":35}},"3":{"start":{"line":7,"column":0},"end":{"line":7,"column":32}},"4":{"start":{"line":9,"column":0},"end":{"line":9,"column":45}},"5":{"start":{"line":10,"column":0},"end":{"line":10,"column":67}},"6":{"start":{"line":14,"column":0},"end":{"line":16,"column":3}},"7":{"start":{"line":15,"column":4},"end":{"line":15,"column":24}},"8":{"start":{"line":19,"column":0},"end":{"line":54,"column":3}},"9":{"start":{"line":20,"column":4},"end":{"line":20,"column":33}},"10":{"start":{"line":21,"column":4},"end":{"line":21,"column":41}},"11":{"start":{"line":24,"column":4},"end":{"line":34,"column":5}},"12":{"start":{"line":25,"column":8},"end":{"line":27,"column":9}},"13":{"start":{"line":26,"column":12},"end":{"line":26,"column":37}},"14":{"start":{"line":28,"column":8},"end":{"line":30,"column":9}},"15":{"start":{"line":29,"column":12},"end":{"line":29,"column":36}},"16":{"start":{"line":32,"column":8},"end":{"line":32,"column":38}},"17":{"start":{"line":33,"column":8},"end":{"line":33,"column":35}},"18":{"start":{"line":36,"column":4},"end":{"line":53,"column":20}},"19":{"start":{"line":38,"column":12},"end":{"line":41,"column":13}},"20":{"start":{"line":39,"column":16},"end":{"line":39,"column":44}},"21":{"start":{"line":40,"column":16},"end":{"line":40,"column":44}},"22":{"start":{"line":43,"column":12},"end":{"line":46,"column":13}},"23":{"start":{"line":44,"column":16},"end":{"line":44,"column":47}},"24":{"start":{"line":45,"column":16},"end":{"line":45,"column":44}},"25":{"start":{"line":48,"column":12},"end":{"line":48,"column":41}},"26":{"start":{"line":49,"column":12},"end":{"line":49,"column":31}},"27":{"start":{"line":50,"column":12},"end":{"line":50,"column":36}},"28":{"start":{"line":51,"column":12},"end":{"line":51,"column":34}},"29":{"start":{"line":55,"column":0},"end":{"line":55,"column":24}}},"branchMap":{"1":{"line":25,"type":"if","locations":[{"start":{"line":25,"column":8},"end":{"line":25,"column":8}},{"start":{"line":25,"column":8},"end":{"line":25,"column":8}}]},"2":{"line":28,"type":"if","locations":[{"start":{"line":28,"column":8},"end":{"line":28,"column":8}},{"start":{"line":28,"column":8},"end":{"line":28,"column":8}}]},"3":{"line":38,"type":"if","locations":[{"start":{"line":38,"column":12},"end":{"line":38,"column":12}},{"start":{"line":38,"column":12},"end":{"line":38,"column":12}}]},"4":{"line":43,"type":"if","locations":[{"start":{"line":43,"column":12},"end":{"line":43,"column":12}},{"start":{"line":43,"column":12},"end":{"line":43,"column":12}}]}}},"H:\\learn\\N-blog\\routes\\signout.js":{"path":"H:\\learn\\N-blog\\routes\\signout.js","s":{"1":1,"2":1,"3":1,"4":1,"5":0,"6":0,"7":0,"8":1},"b":{},"f":{"1":0},"fnMap":{"1":{"name":"(anonymous_1)","line":11,"loc":{"start":{"line":11,"column":28},"end":{"line":11,"column":54}}}},"statementMap":{"1":{"start":{"line":5,"column":0},"end":{"line":5,"column":35}},"2":{"start":{"line":6,"column":0},"end":{"line":6,"column":32}},"3":{"start":{"line":8,"column":0},"end":{"line":8,"column":63}},"4":{"start":{"line":11,"column":0},"end":{"line":16,"column":3}},"5":{"start":{"line":12,"column":4},"end":{"line":12,"column":28}},"6":{"start":{"line":13,"column":4},"end":{"line":13,"column":33}},"7":{"start":{"line":15,"column":4},"end":{"line":15,"column":26}},"8":{"start":{"line":18,"column":0},"end":{"line":18,"column":24}}},"branchMap":{}},"H:\\learn\\N-blog\\routes\\posts.js":{"path":"H:\\learn\\N-blog\\routes\\posts.js","s":{"1":1,"2":1,"3":1,"4":1,"5":1,"6":1,"7":0,"8":0,"9":0,"10":1,"11":0,"12":1,"13":0,"14":0,"15":0,"16":0,"17":0,"18":0,"19":0,"20":0,"21":0,"22":0,"23":0,"24":0,"25":0,"26":0,"27":1,"28":0,"29":0,"30":0,"31":0,"32":0,"33":1,"34":0,"35":0,"36":0,"37":0,"38":0,"39":0,"40":0,"41":0,"42":1,"43":0,"44":0,"45":0,"46":0,"47":0,"48":0,"49":0,"50":0,"51":0,"52":0,"53":0,"54":0,"55":0,"56":0,"57":0,"58":0,"59":0,"60":0,"61":0,"62":1,"63":0,"64":0,"65":0,"66":0,"67":0,"68":0,"69":0,"70":0,"71":0,"72":0,"73":1},"b":{"1":[0,0],"2":[0,0],"3":[0,0],"4":[0,0],"5":[0,0],"6":[0,0],"7":[0,0],"8":[0,0],"9":[0,0],"10":[0,0],"11":[0,0]},"f":{"1":0,"2":0,"3":0,"4":0,"5":0,"6":0,"7":0},"fnMap":{"1":{"name":"(anonymous_1)","line":15,"loc":{"start":{"line":15,"column":16},"end":{"line":15,"column":42}}},"2":{"name":"(anonymous_2)","line":26,"loc":{"start":{"line":26,"column":34},"end":{"line":26,"column":60}}},"3":{"name":"(anonymous_3)","line":31,"loc":{"start":{"line":31,"column":35},"end":{"line":31,"column":61}}},"4":{"name":"(anonymous_4)","line":65,"loc":{"start":{"line":65,"column":23},"end":{"line":65,"column":49}}},"5":{"name":"(anonymous_5)","line":83,"loc":{"start":{"line":83,"column":40},"end":{"line":83,"column":66}}},"6":{"name":"(anonymous_6)","line":102,"loc":{"start":{"line":102,"column":41},"end":{"line":102,"column":67}}},"7":{"name":"(anonymous_7)","line":140,"loc":{"start":{"line":140,"column":42},"end":{"line":140,"column":68}}}},"statementMap":{"1":{"start":{"line":5,"column":0},"end":{"line":5,"column":35}},"2":{"start":{"line":6,"column":0},"end":{"line":6,"column":32}},"3":{"start":{"line":8,"column":0},"end":{"line":8,"column":45}},"4":{"start":{"line":9,"column":0},"end":{"line":9,"column":51}},"5":{"start":{"line":10,"column":0},"end":{"line":10,"column":63}},"6":{"start":{"line":15,"column":0},"end":{"line":23,"column":3}},"7":{"start":{"line":16,"column":4},"end":{"line":16,"column":36}},"8":{"start":{"line":18,"column":4},"end":{"line":22,"column":20}},"9":{"start":{"line":20,"column":12},"end":{"line":20,"column":48}},"10":{"start":{"line":26,"column":0},"end":{"line":28,"column":3}},"11":{"start":{"line":27,"column":4},"end":{"line":27,"column":24}},"12":{"start":{"line":31,"column":0},"end":{"line":62,"column":3}},"13":{"start":{"line":32,"column":4},"end":{"line":32,"column":40}},"14":{"start":{"line":33,"column":4},"end":{"line":33,"column":35}},"15":{"start":{"line":34,"column":4},"end":{"line":34,"column":39}},"16":{"start":{"line":37,"column":4},"end":{"line":47,"column":5}},"17":{"start":{"line":38,"column":8},"end":{"line":40,"column":9}},"18":{"start":{"line":39,"column":12},"end":{"line":39,"column":36}},"19":{"start":{"line":41,"column":8},"end":{"line":43,"column":9}},"20":{"start":{"line":42,"column":12},"end":{"line":42,"column":36}},"21":{"start":{"line":45,"column":8},"end":{"line":45,"column":38}},"22":{"start":{"line":46,"column":8},"end":{"line":46,"column":35}},"23":{"start":{"line":49,"column":4},"end":{"line":53,"column":6}},"24":{"start":{"line":55,"column":4},"end":{"line":61,"column":20}},"25":{"start":{"line":57,"column":12},"end":{"line":57,"column":41}},"26":{"start":{"line":59,"column":12},"end":{"line":59,"column":48}},"27":{"start":{"line":65,"column":0},"end":{"line":80,"column":3}},"28":{"start":{"line":66,"column":4},"end":{"line":66,"column":37}},"29":{"start":{"line":68,"column":4},"end":{"line":79,"column":20}},"30":{"start":{"line":74,"column":12},"end":{"line":76,"column":13}},"31":{"start":{"line":75,"column":16},"end":{"line":75,"column":41}},"32":{"start":{"line":77,"column":12},"end":{"line":77,"column":70}},"33":{"start":{"line":83,"column":0},"end":{"line":99,"column":3}},"34":{"start":{"line":84,"column":4},"end":{"line":84,"column":37}},"35":{"start":{"line":85,"column":4},"end":{"line":85,"column":40}},"36":{"start":{"line":87,"column":4},"end":{"line":98,"column":20}},"37":{"start":{"line":89,"column":12},"end":{"line":91,"column":13}},"38":{"start":{"line":90,"column":16},"end":{"line":90,"column":41}},"39":{"start":{"line":92,"column":12},"end":{"line":94,"column":13}},"40":{"start":{"line":93,"column":16},"end":{"line":93,"column":39}},"41":{"start":{"line":96,"column":12},"end":{"line":96,"column":44}},"42":{"start":{"line":102,"column":0},"end":{"line":137,"column":3}},"43":{"start":{"line":103,"column":4},"end":{"line":103,"column":37}},"44":{"start":{"line":104,"column":4},"end":{"line":104,"column":40}},"45":{"start":{"line":105,"column":4},"end":{"line":105,"column":35}},"46":{"start":{"line":106,"column":4},"end":{"line":106,"column":39}},"47":{"start":{"line":109,"column":4},"end":{"line":119,"column":5}},"48":{"start":{"line":110,"column":8},"end":{"line":112,"column":9}},"49":{"start":{"line":111,"column":12},"end":{"line":111,"column":36}},"50":{"start":{"line":113,"column":8},"end":{"line":115,"column":9}},"51":{"start":{"line":114,"column":12},"end":{"line":114,"column":36}},"52":{"start":{"line":117,"column":8},"end":{"line":117,"column":38}},"53":{"start":{"line":118,"column":8},"end":{"line":118,"column":35}},"54":{"start":{"line":121,"column":4},"end":{"line":136,"column":20}},"55":{"start":{"line":123,"column":12},"end":{"line":125,"column":13}},"56":{"start":{"line":124,"column":16},"end":{"line":124,"column":40}},"57":{"start":{"line":126,"column":12},"end":{"line":128,"column":13}},"58":{"start":{"line":127,"column":16},"end":{"line":127,"column":39}},"59":{"start":{"line":130,"column":12},"end":{"line":134,"column":18}},"60":{"start":{"line":132,"column":20},"end":{"line":132,"column":49}},"61":{"start":{"line":133,"column":20},"end":{"line":133,"column":53}},"62":{"start":{"line":140,"column":0},"end":{"line":160,"column":3}},"63":{"start":{"line":141,"column":4},"end":{"line":141,"column":37}},"64":{"start":{"line":142,"column":4},"end":{"line":142,"column":40}},"65":{"start":{"line":144,"column":4},"end":{"line":159,"column":20}},"66":{"start":{"line":146,"column":12},"end":{"line":148,"column":13}},"67":{"start":{"line":147,"column":16},"end":{"line":147,"column":40}},"68":{"start":{"line":149,"column":12},"end":{"line":151,"column":13}},"69":{"start":{"line":150,"column":16},"end":{"line":150,"column":39}},"70":{"start":{"line":153,"column":12},"end":{"line":157,"column":18}},"71":{"start":{"line":155,"column":20},"end":{"line":155,"column":51}},"72":{"start":{"line":156,"column":20},"end":{"line":156,"column":41}},"73":{"start":{"line":162,"column":0},"end":{"line":162,"column":24}}},"branchMap":{"1":{"line":38,"type":"if","locations":[{"start":{"line":38,"column":8},"end":{"line":38,"column":8}},{"start":{"line":38,"column":8},"end":{"line":38,"column":8}}]},"2":{"line":41,"type":"if","locations":[{"start":{"line":41,"column":8},"end":{"line":41,"column":8}},{"start":{"line":41,"column":8},"end":{"line":41,"column":8}}]},"3":{"line":74,"type":"if","locations":[{"start":{"line":74,"column":12},"end":{"line":74,"column":12}},{"start":{"line":74,"column":12},"end":{"line":74,"column":12}}]},"4":{"line":89,"type":"if","locations":[{"start":{"line":89,"column":12},"end":{"line":89,"column":12}},{"start":{"line":89,"column":12},"end":{"line":89,"column":12}}]},"5":{"line":92,"type":"if","locations":[{"start":{"line":92,"column":12},"end":{"line":92,"column":12}},{"start":{"line":92,"column":12},"end":{"line":92,"column":12}}]},"6":{"line":110,"type":"if","locations":[{"start":{"line":110,"column":8},"end":{"line":110,"column":8}},{"start":{"line":110,"column":8},"end":{"line":110,"column":8}}]},"7":{"line":113,"type":"if","locations":[{"start":{"line":113,"column":8},"end":{"line":113,"column":8}},{"start":{"line":113,"column":8},"end":{"line":113,"column":8}}]},"8":{"line":123,"type":"if","locations":[{"start":{"line":123,"column":12},"end":{"line":123,"column":12}},{"start":{"line":123,"column":12},"end":{"line":123,"column":12}}]},"9":{"line":126,"type":"if","locations":[{"start":{"line":126,"column":12},"end":{"line":126,"column":12}},{"start":{"line":126,"column":12},"end":{"line":126,"column":12}}]},"10":{"line":146,"type":"if","locations":[{"start":{"line":146,"column":12},"end":{"line":146,"column":12}},{"start":{"line":146,"column":12},"end":{"line":146,"column":12}}]},"11":{"line":149,"type":"if","locations":[{"start":{"line":149,"column":12},"end":{"line":149,"column":12}},{"start":{"line":149,"column":12},"end":{"line":149,"column":12}}]}}},"H:\\learn\\N-blog\\models\\posts.js":{"path":"H:\\learn\\N-blog\\models\\posts.js","s":{"1":1,"2":1,"3":1,"4":0,"5":0,"6":0,"7":0,"8":0,"9":0,"10":0,"11":0,"12":0,"13":0,"14":0,"15":0,"16":0,"17":0,"18":0},"b":{"1":[0,0],"2":[0,0],"3":[0,0],"4":[0,0]},"f":{"1":0,"2":0,"3":0,"4":0,"5":0,"6":0,"7":0,"8":0,"9":0},"fnMap":{"1":{"name":"(anonymous_1)","line":9,"loc":{"start":{"line":9,"column":10},"end":{"line":9,"column":17}}},"2":{"name":"(anonymous_2)","line":13,"loc":{"start":{"line":13,"column":15},"end":{"line":13,"column":24}}},"3":{"name":"(anonymous_3)","line":18,"loc":{"start":{"line":18,"column":12},"end":{"line":18,"column":21}}},"4":{"name":"(anonymous_4)","line":28,"loc":{"start":{"line":28,"column":9},"end":{"line":28,"column":18}}},"5":{"name":"(anonymous_5)","line":32,"loc":{"start":{"line":32,"column":23},"end":{"line":32,"column":34}}},"6":{"name":"(anonymous_6)","line":36,"loc":{"start":{"line":36,"column":24},"end":{"line":36,"column":38}}},"7":{"name":"(anonymous_7)","line":41,"loc":{"start":{"line":41,"column":18},"end":{"line":41,"column":27}}},"8":{"name":"(anonymous_8)","line":46,"loc":{"start":{"line":46,"column":18},"end":{"line":46,"column":32}}},"9":{"name":"(anonymous_9)","line":50,"loc":{"start":{"line":50,"column":15},"end":{"line":50,"column":32}}}},"statementMap":{"1":{"start":{"line":5,"column":0},"end":{"line":5,"column":42}},"2":{"start":{"line":6,"column":0},"end":{"line":6,"column":43}},"3":{"start":{"line":8,"column":0},"end":{"line":59,"column":2}},"4":{"start":{"line":10,"column":8},"end":{"line":10,"column":33}},"5":{"start":{"line":14,"column":8},"end":{"line":15,"column":60}},"6":{"start":{"line":19,"column":8},"end":{"line":19,"column":25}},"7":{"start":{"line":20,"column":8},"end":{"line":22,"column":9}},"8":{"start":{"line":21,"column":12},"end":{"line":21,"column":33}},"9":{"start":{"line":24,"column":8},"end":{"line":25,"column":60}},"10":{"start":{"line":29,"column":8},"end":{"line":29,"column":58}},"11":{"start":{"line":33,"column":8},"end":{"line":33,"column":70}},"12":{"start":{"line":37,"column":8},"end":{"line":37,"column":40}},"13":{"start":{"line":38,"column":8},"end":{"line":38,"column":70}},"14":{"start":{"line":42,"column":8},"end":{"line":43,"column":60}},"15":{"start":{"line":47,"column":8},"end":{"line":47,"column":54}},"16":{"start":{"line":51,"column":8},"end":{"line":57,"column":14}},"17":{"start":{"line":54,"column":16},"end":{"line":56,"column":17}},"18":{"start":{"line":55,"column":20},"end":{"line":55,"column":66}}},"branchMap":{"1":{"line":20,"type":"if","locations":[{"start":{"line":20,"column":8},"end":{"line":20,"column":8}},{"start":{"line":20,"column":8},"end":{"line":20,"column":8}}]},"2":{"line":37,"type":"cond-expr","locations":[{"start":{"line":37,"column":33},"end":{"line":37,"column":34}},{"start":{"line":37,"column":37},"end":{"line":37,"column":39}}]},"3":{"line":54,"type":"if","locations":[{"start":{"line":54,"column":16},"end":{"line":54,"column":16}},{"start":{"line":54,"column":16},"end":{"line":54,"column":16}}]},"4":{"line":54,"type":"binary-expr","locations":[{"start":{"line":54,"column":20},"end":{"line":54,"column":26}},{"start":{"line":54,"column":30},"end":{"line":54,"column":39}}]}}},"H:\\learn\\N-blog\\models\\comments.js":{"path":"H:\\learn\\N-blog\\models\\comments.js","s":{"1":1,"2":1,"3":0,"4":0,"5":0,"6":0,"7":0,"8":0},"b":{},"f":{"1":0,"2":0,"3":0,"4":0,"5":0,"6":0,"7":0},"fnMap":{"1":{"name":"(anonymous_1)","line":8,"loc":{"start":{"line":8,"column":9},"end":{"line":8,"column":19}}},"2":{"name":"(anonymous_2)","line":13,"loc":{"start":{"line":13,"column":18},"end":{"line":13,"column":30}}},"3":{"name":"(anonymous_3)","line":18,"loc":{"start":{"line":18,"column":18},"end":{"line":18,"column":30}}},"4":{"name":"(anonymous_4)","line":23,"loc":{"start":{"line":23,"column":22},"end":{"line":23,"column":31}}},"5":{"name":"(anonymous_5)","line":28,"loc":{"start":{"line":28,"column":15},"end":{"line":28,"column":24}}},"6":{"name":"(anonymous_6)","line":35,"loc":{"start":{"line":35,"column":19},"end":{"line":35,"column":28}}},"7":{"name":"(anonymous_7)","line":40,"loc":{"start":{"line":40,"column":23},"end":{"line":40,"column":32}}}},"statementMap":{"1":{"start":{"line":5,"column":0},"end":{"line":5,"column":48}},"2":{"start":{"line":7,"column":0},"end":{"line":43,"column":2}},"3":{"start":{"line":9,"column":7},"end":{"line":9,"column":38}},"4":{"start":{"line":14,"column":7},"end":{"line":14,"column":47}},"5":{"start":{"line":19,"column":7},"end":{"line":19,"column":50}},"6":{"start":{"line":24,"column":7},"end":{"line":24,"column":50}},"7":{"start":{"line":29,"column":7},"end":{"line":31,"column":26}},"8":{"start":{"line":36,"column":7},"end":{"line":36,"column":45}}},"branchMap":{}},"H:\\learn\\N-blog\\routes\\comments.js":{"path":"H:\\learn\\N-blog\\routes\\comments.js","s":{"1":1,"2":1,"3":1,"4":1,"5":1,"6":1,"7":0,"8":0,"9":0,"10":0,"11":0,"12":0,"13":0,"14":0,"15":0,"16":0,"17":0,"18":0,"19":1,"20":0,"21":0,"22":0,"23":0,"24":0,"25":0,"26":0,"27":0,"28":0,"29":0,"30":0,"31":1},"b":{"1":[0,0],"2":[0,0],"3":[0,0]},"f":{"1":0,"2":0},"fnMap":{"1":{"name":"(anonymous_1)","line":13,"loc":{"start":{"line":13,"column":29},"end":{"line":13,"column":55}}},"2":{"name":"(anonymous_2)","line":58,"loc":{"start":{"line":58,"column":45},"end":{"line":58,"column":71}}}},"statementMap":{"1":{"start":{"line":5,"column":0},"end":{"line":5,"column":35}},"2":{"start":{"line":6,"column":0},"end":{"line":6,"column":32}},"3":{"start":{"line":8,"column":0},"end":{"line":8,"column":51}},"4":{"start":{"line":9,"column":0},"end":{"line":9,"column":44}},"5":{"start":{"line":10,"column":0},"end":{"line":10,"column":63}},"6":{"start":{"line":13,"column":0},"end":{"line":56,"column":3}},"7":{"start":{"line":14,"column":4},"end":{"line":14,"column":40}},"8":{"start":{"line":15,"column":4},"end":{"line":15,"column":37}},"9":{"start":{"line":16,"column":4},"end":{"line":16,"column":39}},"10":{"start":{"line":19,"column":4},"end":{"line":26,"column":5}},"11":{"start":{"line":20,"column":8},"end":{"line":22,"column":9}},"12":{"start":{"line":21,"column":12},"end":{"line":21,"column":38}},"13":{"start":{"line":24,"column":8},"end":{"line":24,"column":38}},"14":{"start":{"line":25,"column":8},"end":{"line":25,"column":35}},"15":{"start":{"line":28,"column":4},"end":{"line":32,"column":6}},"16":{"start":{"line":34,"column":4},"end":{"line":42,"column":21}},"17":{"start":{"line":39,"column":12},"end":{"line":39,"column":41}},"18":{"start":{"line":40,"column":12},"end":{"line":40,"column":32}},"19":{"start":{"line":58,"column":0},"end":{"line":83,"column":3}},"20":{"start":{"line":59,"column":4},"end":{"line":59,"column":43}},"21":{"start":{"line":60,"column":4},"end":{"line":60,"column":36}},"22":{"start":{"line":61,"column":4},"end":{"line":61,"column":40}},"23":{"start":{"line":63,"column":4},"end":{"line":82,"column":20}},"24":{"start":{"line":65,"column":12},"end":{"line":67,"column":13}},"25":{"start":{"line":66,"column":16},"end":{"line":66,"column":40}},"26":{"start":{"line":68,"column":12},"end":{"line":70,"column":13}},"27":{"start":{"line":69,"column":16},"end":{"line":69,"column":43}},"28":{"start":{"line":72,"column":12},"end":{"line":80,"column":29}},"29":{"start":{"line":77,"column":20},"end":{"line":77,"column":51}},"30":{"start":{"line":78,"column":20},"end":{"line":78,"column":40}},"31":{"start":{"line":86,"column":0},"end":{"line":86,"column":24}}},"branchMap":{"1":{"line":20,"type":"if","locations":[{"start":{"line":20,"column":8},"end":{"line":20,"column":8}},{"start":{"line":20,"column":8},"end":{"line":20,"column":8}}]},"2":{"line":65,"type":"if","locations":[{"start":{"line":65,"column":12},"end":{"line":65,"column":12}},{"start":{"line":65,"column":12},"end":{"line":65,"column":12}}]},"3":{"line":68,"type":"if","locations":[{"start":{"line":68,"column":12},"end":{"line":68,"column":12}},{"start":{"line":68,"column":12},"end":{"line":68,"column":12}}]}}}}